{"C:\\Users\\Ricardo\\Desktop\\New API\\constant\\constant.js": {"path":"C:\\Users\\Ricardo\\Desktop\\New API\\constant\\constant.js","statementMap":{"0":{"start":{"line":1,"column":0},"end":{"line":4,"column":1}}},"fnMap":{},"branchMap":{"0":{"loc":{"start":{"line":2,"column":14},"end":{"line":2,"column":87}},"type":"cond-expr","locations":[{"start":{"line":2,"column":36},"end":{"line":2,"column":57}},{"start":{"line":2,"column":58},"end":{"line":2,"column":87}}],"line":2},"1":{"loc":{"start":{"line":3,"column":15},"end":{"line":3,"column":86}},"type":"cond-expr","locations":[{"start":{"line":3,"column":39},"end":{"line":3,"column":61}},{"start":{"line":3,"column":62},"end":{"line":3,"column":86}}],"line":3}},"s":{"0":1},"f":{},"b":{"0":[0,1],"1":[0,1]},"_coverageSchema":"43e27e138ebf9cfc5966b082cf9a028302ed4184","hash":"31cfa870636e6ca579a714ae7fc05668a2896b77"}
,"C:\\Users\\Ricardo\\Desktop\\New API\\middweare\\passwordMiddawre.js": {"path":"C:\\Users\\Ricardo\\Desktop\\New API\\middweare\\passwordMiddawre.js","statementMap":{"0":{"start":{"line":1,"column":14},"end":{"line":1,"column":31}},"1":{"start":{"line":4,"column":16},"end":{"line":18,"column":1}},"2":{"start":{"line":5,"column":16},"end":{"line":5,"column":31}},"3":{"start":{"line":6,"column":4},"end":{"line":6,"column":21}},"4":{"start":{"line":7,"column":16},"end":{"line":15,"column":6}},"5":{"start":{"line":8,"column":8},"end":{"line":14,"column":10}},"6":{"start":{"line":9,"column":12},"end":{"line":11,"column":13}},"7":{"start":{"line":10,"column":15},"end":{"line":10,"column":35}},"8":{"start":{"line":12,"column":12},"end":{"line":12,"column":32}},"9":{"start":{"line":17,"column":4},"end":{"line":17,"column":15}},"10":{"start":{"line":20,"column":16},"end":{"line":30,"column":1}},"11":{"start":{"line":22,"column":4},"end":{"line":29,"column":6}},"12":{"start":{"line":23,"column":8},"end":{"line":28,"column":10}},"13":{"start":{"line":24,"column":12},"end":{"line":26,"column":13}},"14":{"start":{"line":25,"column":16},"end":{"line":25,"column":36}},"15":{"start":{"line":27,"column":12},"end":{"line":27,"column":32}},"16":{"start":{"line":32,"column":20},"end":{"line":45,"column":1}},"17":{"start":{"line":33,"column":4},"end":{"line":40,"column":6}},"18":{"start":{"line":34,"column":8},"end":{"line":39,"column":10}},"19":{"start":{"line":35,"column":12},"end":{"line":37,"column":13}},"20":{"start":{"line":36,"column":16},"end":{"line":36,"column":36}},"21":{"start":{"line":38,"column":12},"end":{"line":38,"column":32}},"22":{"start":{"line":47,"column":13},"end":{"line":47,"column":35}},"23":{"start":{"line":49,"column":22},"end":{"line":55,"column":1}},"24":{"start":{"line":50,"column":4},"end":{"line":54,"column":5}},"25":{"start":{"line":50,"column":16},"end":{"line":50,"column":30}},"26":{"start":{"line":51,"column":8},"end":{"line":53,"column":9}},"27":{"start":{"line":52,"column":13},"end":{"line":52,"column":31}},"28":{"start":{"line":57,"column":0},"end":{"line":60,"column":1}}},"fnMap":{"0":{"name":"(anonymous_0)","decl":{"start":{"line":4,"column":16},"end":{"line":4,"column":17}},"loc":{"start":{"line":4,"column":35},"end":{"line":18,"column":1}},"line":4},"1":{"name":"(anonymous_1)","decl":{"start":{"line":7,"column":28},"end":{"line":7,"column":29}},"loc":{"start":{"line":7,"column":46},"end":{"line":15,"column":5}},"line":7},"2":{"name":"(anonymous_2)","decl":{"start":{"line":8,"column":32},"end":{"line":8,"column":33}},"loc":{"start":{"line":8,"column":46},"end":{"line":14,"column":9}},"line":8},"3":{"name":"(anonymous_3)","decl":{"start":{"line":20,"column":16},"end":{"line":20,"column":17}},"loc":{"start":{"line":20,"column":27},"end":{"line":30,"column":1}},"line":20},"4":{"name":"(anonymous_4)","decl":{"start":{"line":22,"column":23},"end":{"line":22,"column":24}},"loc":{"start":{"line":22,"column":41},"end":{"line":29,"column":5}},"line":22},"5":{"name":"(anonymous_5)","decl":{"start":{"line":23,"column":24},"end":{"line":23,"column":25}},"loc":{"start":{"line":23,"column":38},"end":{"line":28,"column":9}},"line":23},"6":{"name":"(anonymous_6)","decl":{"start":{"line":32,"column":20},"end":{"line":32,"column":21}},"loc":{"start":{"line":32,"column":36},"end":{"line":45,"column":1}},"line":32},"7":{"name":"(anonymous_7)","decl":{"start":{"line":33,"column":23},"end":{"line":33,"column":24}},"loc":{"start":{"line":33,"column":41},"end":{"line":40,"column":5}},"line":33},"8":{"name":"(anonymous_8)","decl":{"start":{"line":34,"column":35},"end":{"line":34,"column":36}},"loc":{"start":{"line":34,"column":49},"end":{"line":39,"column":9}},"line":34},"9":{"name":"(anonymous_9)","decl":{"start":{"line":49,"column":22},"end":{"line":49,"column":23}},"loc":{"start":{"line":49,"column":32},"end":{"line":55,"column":1}},"line":49}},"branchMap":{"0":{"loc":{"start":{"line":9,"column":12},"end":{"line":11,"column":13}},"type":"if","locations":[{"start":{"line":9,"column":12},"end":{"line":11,"column":13}},{"start":{"line":9,"column":12},"end":{"line":11,"column":13}}],"line":9},"1":{"loc":{"start":{"line":24,"column":12},"end":{"line":26,"column":13}},"type":"if","locations":[{"start":{"line":24,"column":12},"end":{"line":26,"column":13}},{"start":{"line":24,"column":12},"end":{"line":26,"column":13}}],"line":24},"2":{"loc":{"start":{"line":35,"column":12},"end":{"line":37,"column":13}},"type":"if","locations":[{"start":{"line":35,"column":12},"end":{"line":37,"column":13}},{"start":{"line":35,"column":12},"end":{"line":37,"column":13}}],"line":35},"3":{"loc":{"start":{"line":51,"column":8},"end":{"line":53,"column":9}},"type":"if","locations":[{"start":{"line":51,"column":8},"end":{"line":53,"column":9}},{"start":{"line":51,"column":8},"end":{"line":53,"column":9}}],"line":51},"4":{"loc":{"start":{"line":51,"column":11},"end":{"line":51,"column":87}},"type":"binary-expr","locations":[{"start":{"line":51,"column":11},"end":{"line":51,"column":33}},{"start":{"line":51,"column":37},"end":{"line":51,"column":61}},{"start":{"line":51,"column":65},"end":{"line":51,"column":87}}],"line":51}},"s":{"0":1,"1":1,"2":0,"3":0,"4":0,"5":0,"6":0,"7":0,"8":0,"9":0,"10":1,"11":0,"12":0,"13":0,"14":0,"15":0,"16":1,"17":0,"18":0,"19":0,"20":0,"21":0,"22":1,"23":1,"24":0,"25":0,"26":0,"27":0,"28":1},"f":{"0":0,"1":0,"2":0,"3":0,"4":0,"5":0,"6":0,"7":0,"8":0,"9":0},"b":{"0":[0,0],"1":[0,0],"2":[0,0],"3":[0,0],"4":[0,0,0]},"_coverageSchema":"43e27e138ebf9cfc5966b082cf9a028302ed4184","hash":"293752f5320549d996fc44515694240b9b910cfa"}
,"C:\\Users\\Ricardo\\Desktop\\New API\\models\\tarefaModel.js": {"path":"C:\\Users\\Ricardo\\Desktop\\New API\\models\\tarefaModel.js","statementMap":{"0":{"start":{"line":1,"column":17},"end":{"line":1,"column":36}},"1":{"start":{"line":2,"column":15},"end":{"line":2,"column":30}},"2":{"start":{"line":4,"column":21},"end":{"line":10,"column":2}},"3":{"start":{"line":13,"column":0},"end":{"line":13,"column":55}}},"fnMap":{},"branchMap":{},"s":{"0":1,"1":1,"2":1,"3":1},"f":{},"b":{},"_coverageSchema":"43e27e138ebf9cfc5966b082cf9a028302ed4184","hash":"ab719c20fa36d4bd828867d0bd47d108b0f7c5ef"}
,"C:\\Users\\Ricardo\\Desktop\\New API\\service\\tarefa.service.js": {"path":"C:\\Users\\Ricardo\\Desktop\\New API\\service\\tarefa.service.js","statementMap":{"0":{"start":{"line":1,"column":15},"end":{"line":1,"column":47}},"1":{"start":{"line":2,"column":24},"end":{"line":2,"column":64}},"2":{"start":{"line":3,"column":12},"end":{"line":3,"column":35}},"3":{"start":{"line":4,"column":17},"end":{"line":4,"column":48}},"4":{"start":{"line":6,"column":21},"end":{"line":19,"column":1}},"5":{"start":{"line":7,"column":4},"end":{"line":17,"column":5}},"6":{"start":{"line":8,"column":8},"end":{"line":10,"column":9}},"7":{"start":{"line":9,"column":12},"end":{"line":9,"column":107}},"8":{"start":{"line":12,"column":23},"end":{"line":12,"column":116}},"9":{"start":{"line":14,"column":8},"end":{"line":14,"column":171}},"10":{"start":{"line":16,"column":8},"end":{"line":16,"column":71}},"11":{"start":{"line":21,"column":21},"end":{"line":33,"column":1}},"12":{"start":{"line":22,"column":4},"end":{"line":32,"column":5}},"13":{"start":{"line":23,"column":8},"end":{"line":23,"column":55}},"14":{"start":{"line":24,"column":8},"end":{"line":26,"column":9}},"15":{"start":{"line":25,"column":12},"end":{"line":25,"column":107}},"16":{"start":{"line":27,"column":23},"end":{"line":27,"column":134}},"17":{"start":{"line":28,"column":8},"end":{"line":28,"column":61}},"18":{"start":{"line":31,"column":8},"end":{"line":31,"column":71}},"19":{"start":{"line":35,"column":21},"end":{"line":43,"column":1}},"20":{"start":{"line":36,"column":4},"end":{"line":42,"column":5}},"21":{"start":{"line":37,"column":30},"end":{"line":37,"column":65}},"22":{"start":{"line":38,"column":8},"end":{"line":38,"column":97}},"23":{"start":{"line":41,"column":8},"end":{"line":41,"column":71}},"24":{"start":{"line":45,"column":22},"end":{"line":52,"column":1}},"25":{"start":{"line":46,"column":4},"end":{"line":51,"column":5}},"26":{"start":{"line":47,"column":26},"end":{"line":47,"column":74}},"27":{"start":{"line":48,"column":8},"end":{"line":48,"column":92}},"28":{"start":{"line":50,"column":8},"end":{"line":50,"column":71}},"29":{"start":{"line":54,"column":21},"end":{"line":61,"column":1}},"30":{"start":{"line":55,"column":4},"end":{"line":60,"column":5}},"31":{"start":{"line":56,"column":29},"end":{"line":56,"column":62}},"32":{"start":{"line":57,"column":8},"end":{"line":57,"column":95}},"33":{"start":{"line":59,"column":8},"end":{"line":59,"column":71}},"34":{"start":{"line":63,"column":0},"end":{"line":69,"column":1}}},"fnMap":{"0":{"name":"(anonymous_0)","decl":{"start":{"line":6,"column":21},"end":{"line":6,"column":22}},"loc":{"start":{"line":6,"column":65},"end":{"line":19,"column":1}},"line":6},"1":{"name":"(anonymous_1)","decl":{"start":{"line":21,"column":21},"end":{"line":21,"column":22}},"loc":{"start":{"line":21,"column":71},"end":{"line":33,"column":1}},"line":21},"2":{"name":"(anonymous_2)","decl":{"start":{"line":35,"column":21},"end":{"line":35,"column":22}},"loc":{"start":{"line":35,"column":35},"end":{"line":43,"column":1}},"line":35},"3":{"name":"(anonymous_3)","decl":{"start":{"line":45,"column":22},"end":{"line":45,"column":23}},"loc":{"start":{"line":45,"column":38},"end":{"line":52,"column":1}},"line":45},"4":{"name":"(anonymous_4)","decl":{"start":{"line":54,"column":21},"end":{"line":54,"column":22}},"loc":{"start":{"line":54,"column":35},"end":{"line":61,"column":1}},"line":54}},"branchMap":{"0":{"loc":{"start":{"line":8,"column":8},"end":{"line":10,"column":9}},"type":"if","locations":[{"start":{"line":8,"column":8},"end":{"line":10,"column":9}},{"start":{"line":8,"column":8},"end":{"line":10,"column":9}}],"line":8},"1":{"loc":{"start":{"line":8,"column":12},"end":{"line":8,"column":47}},"type":"binary-expr","locations":[{"start":{"line":8,"column":12},"end":{"line":8,"column":19}},{"start":{"line":8,"column":23},"end":{"line":8,"column":33}},{"start":{"line":8,"column":37},"end":{"line":8,"column":47}}],"line":8},"2":{"loc":{"start":{"line":24,"column":8},"end":{"line":26,"column":9}},"type":"if","locations":[{"start":{"line":24,"column":8},"end":{"line":26,"column":9}},{"start":{"line":24,"column":8},"end":{"line":26,"column":9}}],"line":24},"3":{"loc":{"start":{"line":24,"column":12},"end":{"line":24,"column":99}},"type":"binary-expr","locations":[{"start":{"line":24,"column":12},"end":{"line":24,"column":31}},{"start":{"line":24,"column":35},"end":{"line":24,"column":57}},{"start":{"line":24,"column":61},"end":{"line":24,"column":83}},{"start":{"line":24,"column":87},"end":{"line":24,"column":90}},{"start":{"line":24,"column":94},"end":{"line":24,"column":99}}],"line":24}},"s":{"0":1,"1":1,"2":1,"3":1,"4":1,"5":3,"6":3,"7":2,"8":1,"9":1,"10":0,"11":1,"12":2,"13":2,"14":2,"15":0,"16":2,"17":1,"18":1,"19":1,"20":0,"21":0,"22":0,"23":0,"24":1,"25":0,"26":0,"27":0,"28":0,"29":1,"30":0,"31":0,"32":0,"33":0,"34":1},"f":{"0":3,"1":2,"2":0,"3":0,"4":0},"b":{"0":[2,1],"1":[3,3,3],"2":[0,2],"3":[2,2,2,2,2]},"_coverageSchema":"43e27e138ebf9cfc5966b082cf9a028302ed4184","hash":"f8d4a5935bd6cb1a513cfb3d10f77c73842b67fb"}
}
