TN:
SF:C:\Users\Ricardo\Desktop\New API\constant\constant.js
FNF:0
FNH:0
DA:1,1
LF:1
LH:1
BRDA:2,0,0,0
BRDA:2,0,1,1
BRDA:3,1,0,0
BRDA:3,1,1,1
BRF:4
BRH:2
end_of_record
TN:
SF:C:\Users\Ricardo\Desktop\New API\middweare\passwordMiddawre.js
FN:4,(anonymous_0)
FN:7,(anonymous_1)
FN:8,(anonymous_2)
FN:20,(anonymous_3)
FN:22,(anonymous_4)
FN:23,(anonymous_5)
FN:32,(anonymous_6)
FN:33,(anonymous_7)
FN:34,(anonymous_8)
FN:49,(anonymous_9)
FNF:10
FNH:0
FNDA:0,(anonymous_0)
FNDA:0,(anonymous_1)
FNDA:0,(anonymous_2)
FNDA:0,(anonymous_3)
FNDA:0,(anonymous_4)
FNDA:0,(anonymous_5)
FNDA:0,(anonymous_6)
FNDA:0,(anonymous_7)
FNDA:0,(anonymous_8)
FNDA:0,(anonymous_9)
DA:1,1
DA:4,1
DA:5,0
DA:6,0
DA:7,0
DA:8,0
DA:9,0
DA:10,0
DA:12,0
DA:17,0
DA:20,1
DA:22,0
DA:23,0
DA:24,0
DA:25,0
DA:27,0
DA:32,1
DA:33,0
DA:34,0
DA:35,0
DA:36,0
DA:38,0
DA:47,1
DA:49,1
DA:50,0
DA:51,0
DA:52,0
DA:57,1
LF:28
LH:7
BRDA:9,0,0,0
BRDA:9,0,1,0
BRDA:24,1,0,0
BRDA:24,1,1,0
BRDA:35,2,0,0
BRDA:35,2,1,0
BRDA:51,3,0,0
BRDA:51,3,1,0
BRDA:51,4,0,0
BRDA:51,4,1,0
BRDA:51,4,2,0
BRF:11
BRH:0
end_of_record
TN:
SF:C:\Users\Ricardo\Desktop\New API\models\tarefaModel.js
FNF:0
FNH:0
DA:1,1
DA:2,1
DA:4,1
DA:13,1
LF:4
LH:4
BRF:0
BRH:0
end_of_record
TN:
SF:C:\Users\Ricardo\Desktop\New API\service\tarefa.service.js
FN:6,(anonymous_0)
FN:21,(anonymous_1)
FN:35,(anonymous_2)
FN:45,(anonymous_3)
FN:54,(anonymous_4)
FNF:5
FNH:2
FNDA:3,(anonymous_0)
FNDA:2,(anonymous_1)
FNDA:0,(anonymous_2)
FNDA:0,(anonymous_3)
FNDA:0,(anonymous_4)
DA:1,1
DA:2,1
DA:3,1
DA:4,1
DA:6,1
DA:7,3
DA:8,3
DA:9,2
DA:12,1
DA:14,1
DA:16,0
DA:21,1
DA:22,2
DA:23,2
DA:24,2
DA:25,0
DA:27,2
DA:28,1
DA:31,1
DA:35,1
DA:36,0
DA:37,0
DA:38,0
DA:41,0
DA:45,1
DA:46,0
DA:47,0
DA:48,0
DA:50,0
DA:54,1
DA:55,0
DA:56,0
DA:57,0
DA:59,0
DA:63,1
LF:35
LH:21
BRDA:8,0,0,2
BRDA:8,0,1,1
BRDA:8,1,0,3
BRDA:8,1,1,3
BRDA:8,1,2,3
BRDA:24,2,0,0
BRDA:24,2,1,2
BRDA:24,3,0,2
BRDA:24,3,1,2
BRDA:24,3,2,2
BRDA:24,3,3,2
BRDA:24,3,4,2
BRF:12
BRH:11
end_of_record
